<?xml version="1.0" encoding="UTF-8"?>
<robot generator="Robot 6.1.1 (Python 3.10.4 on darwin)" generated="20241113 14:47:54.966" rpa="false" schemaversion="4">
<suite id="s1" name="Tests" source="/Users/tomnie/Documents/Ohjelmistotuotanto/palautusrepositorio/viikko3/hello-robot/src/tests">
<suite id="s1-s1" name="Increase Counter" source="/Users/tomnie/Documents/Ohjelmistotuotanto/palautusrepositorio/viikko3/hello-robot/src/tests/increase_counter.robot">
<test id="s1-s1-t1" name="Increase Counter Once" line="5">
<kw name="Counter Value Should Be" library="CounterLibrary">
<arg>0</arg>
<status status="PASS" starttime="20241113 14:47:54.978" endtime="20241113 14:47:54.979"/>
</kw>
<kw name="Increase Counter" library="CounterLibrary">
<status status="PASS" starttime="20241113 14:47:54.979" endtime="20241113 14:47:54.979"/>
</kw>
<kw name="Counter Value Should Be" library="CounterLibrary">
<arg>1</arg>
<status status="PASS" starttime="20241113 14:47:54.979" endtime="20241113 14:47:54.979"/>
</kw>
<status status="PASS" starttime="20241113 14:47:54.978" endtime="20241113 14:47:54.979"/>
</test>
<test id="s1-s1-t2" name="Increase Counter Many Times" line="10">
<kw name="Counter Value Should Be" library="CounterLibrary">
<arg>0</arg>
<status status="PASS" starttime="20241113 14:47:54.979" endtime="20241113 14:47:54.979"/>
</kw>
<kw name="Increase Counter" library="CounterLibrary">
<status status="PASS" starttime="20241113 14:47:54.979" endtime="20241113 14:47:54.979"/>
</kw>
<kw name="Increase Counter" library="CounterLibrary">
<status status="PASS" starttime="20241113 14:47:54.979" endtime="20241113 14:47:54.979"/>
</kw>
<kw name="Increase Counter" library="CounterLibrary">
<status status="PASS" starttime="20241113 14:47:54.979" endtime="20241113 14:47:54.979"/>
</kw>
<kw name="Counter Value Should Be" library="CounterLibrary">
<arg>3</arg>
<status status="PASS" starttime="20241113 14:47:54.979" endtime="20241113 14:47:54.979"/>
</kw>
<status status="PASS" starttime="20241113 14:47:54.979" endtime="20241113 14:47:54.979"/>
</test>
<test id="s1-s1-t3" name="Increment Counter By Amount" line="17">
<kw name="Counter Value Should Be" library="CounterLibrary">
<arg>0</arg>
<status status="PASS" starttime="20241113 14:47:54.980" endtime="20241113 14:47:54.980"/>
</kw>
<kw name="Increment Counter By" library="CounterLibrary">
<arg>5</arg>
<status status="PASS" starttime="20241113 14:47:54.980" endtime="20241113 14:47:54.980"/>
</kw>
<kw name="Counter Value Should Be" library="CounterLibrary">
<arg>5</arg>
<status status="PASS" starttime="20241113 14:47:54.980" endtime="20241113 14:47:54.980"/>
</kw>
<status status="PASS" starttime="20241113 14:47:54.979" endtime="20241113 14:47:54.980"/>
</test>
<status status="PASS" starttime="20241113 14:47:54.976" endtime="20241113 14:47:54.980"/>
</suite>
<suite id="s1-s2" name="Reset Counter" source="/Users/tomnie/Documents/Ohjelmistotuotanto/palautusrepositorio/viikko3/hello-robot/src/tests/reset_counter.robot">
<test id="s1-s2-t1" name="Reset Counter After One Increment" line="6">
<kw name="Counter Value Should Be" library="CounterLibrary">
<arg>0</arg>
<status status="PASS" starttime="20241113 14:47:54.981" endtime="20241113 14:47:54.982"/>
</kw>
<kw name="Increase Counter" library="CounterLibrary">
<status status="PASS" starttime="20241113 14:47:54.982" endtime="20241113 14:47:54.982"/>
</kw>
<kw name="Counter Value Should Be" library="CounterLibrary">
<arg>1</arg>
<status status="PASS" starttime="20241113 14:47:54.982" endtime="20241113 14:47:54.982"/>
</kw>
<kw name="Reset Counter" library="CounterLibrary">
<status status="PASS" starttime="20241113 14:47:54.982" endtime="20241113 14:47:54.982"/>
</kw>
<kw name="Counter Value Should Be" library="CounterLibrary">
<arg>0</arg>
<status status="PASS" starttime="20241113 14:47:54.982" endtime="20241113 14:47:54.982"/>
</kw>
<status status="PASS" starttime="20241113 14:47:54.981" endtime="20241113 14:47:54.982"/>
</test>
<test id="s1-s2-t2" name="Reset Counter After Several Increments" line="13">
<kw name="Counter Value Should Be" library="CounterLibrary">
<arg>0</arg>
<status status="PASS" starttime="20241113 14:47:54.982" endtime="20241113 14:47:54.982"/>
</kw>
<kw name="Increment Counter By" library="CounterLibrary">
<arg>5</arg>
<status status="PASS" starttime="20241113 14:47:54.982" endtime="20241113 14:47:54.982"/>
</kw>
<kw name="Counter Value Should Be" library="CounterLibrary">
<arg>5</arg>
<status status="PASS" starttime="20241113 14:47:54.982" endtime="20241113 14:47:54.982"/>
</kw>
<kw name="Reset Counter" library="CounterLibrary">
<status status="PASS" starttime="20241113 14:47:54.982" endtime="20241113 14:47:54.982"/>
</kw>
<kw name="Counter Value Should Be" library="CounterLibrary">
<arg>0</arg>
<status status="PASS" starttime="20241113 14:47:54.982" endtime="20241113 14:47:54.983"/>
</kw>
<status status="PASS" starttime="20241113 14:47:54.982" endtime="20241113 14:47:54.983"/>
</test>
<status status="PASS" starttime="20241113 14:47:54.980" endtime="20241113 14:47:54.983"/>
</suite>
<status status="PASS" starttime="20241113 14:47:54.966" endtime="20241113 14:47:54.983"/>
</suite>
<statistics>
<total>
<stat pass="5" fail="0" skip="0">All Tests</stat>
</total>
<tag>
</tag>
<suite>
<stat pass="5" fail="0" skip="0" id="s1" name="Tests">Tests</stat>
<stat pass="3" fail="0" skip="0" id="s1-s1" name="Increase Counter">Tests.Increase Counter</stat>
<stat pass="2" fail="0" skip="0" id="s1-s2" name="Reset Counter">Tests.Reset Counter</stat>
</suite>
</statistics>
<errors>
</errors>
</robot>
